<?xml version="1.0" encoding="UTF-8"?>
<testsuite xmlns:xsi="http://www.w3.org/2001/XMLSchema-instance" xsi:noNamespaceSchemaLocation="https://maven.apache.org/surefire/maven-surefire-plugin/xsd/surefire-test-report-3.0.xsd" version="3.0" name="org.acme.GreetingResourceTest" time="3.735" tests="1" errors="0" skipped="0" failures="0">
  <properties>
[...]
</properties>
  <testcase name="testHelloEndpoint" classname="org.acme.GreetingResourceTest" time="1.076">
    <system-out><![CDATA[2021-06-16 00:24:01,824 INFO  [io.quarkus] (main) Quarkus 1.13.7.Final on JVM started in 2.349s. Listening on: http://localhost:8081
2021-06-16 00:24:01,827 INFO  [io.quarkus] (main) Profile test activated. 
2021-06-16 00:24:01,827 INFO  [io.quarkus] (main) Installed features: [agroal, cdi, hibernate-orm, hibernate-orm-panache, jdbc-postgresql, mutiny, narayana-jta, resteasy, smallrye-context-propagation]
]]></system-out>
  </testcase>
</testsuite>